<?xml version="1.0" encoding="utf-8"?>
<coverage line-rate="1" branch-rate="1" version="1.9" timestamp="1771437927" lines-covered="10" lines-valid="10" branches-covered="6" branches-valid="6">
  <sources>
    <source>C:\</source>
  </sources>
  <packages>
    <package name="CommissionCalculator.Application" line-rate="1" branch-rate="1" complexity="0">
      <classes />
    </package>
    <package name="CommissionCalculator.Domain" line-rate="1" branch-rate="1" complexity="6">
      <classes>
        <class name="CommissionCalculator.Domain.CommissionCalculator" filename="Users\Elkhan\Desktop\Projects\DotNet\Tests\src\CommissionCalculator.Domain\CommissionCalculator.cs" line-rate="1" branch-rate="1" complexity="6">
          <methods>
            <method name="Calculate" signature="(System.Decimal,System.Decimal,System.Decimal,System.Decimal)" line-rate="1" branch-rate="1" complexity="6">
              <lines>
                <line number="6" hits="7" branch="False" />
                <line number="7" hits="7" branch="True" condition-coverage="100% (2/2)">
                  <conditions>
                    <condition number="14" type="jump" coverage="100%" />
                  </conditions>
                </line>
                <line number="8" hits="1" branch="False" />
                <line number="10" hits="6" branch="False" />
                <line number="12" hits="6" branch="True" condition-coverage="100% (2/2)">
                  <conditions>
                    <condition number="56" type="jump" coverage="100%" />
                  </conditions>
                </line>
                <line number="13" hits="1" branch="False" />
                <line number="15" hits="6" branch="True" condition-coverage="100% (2/2)">
                  <conditions>
                    <condition number="70" type="jump" coverage="100%" />
                  </conditions>
                </line>
                <line number="16" hits="1" branch="False" />
                <line number="18" hits="6" branch="False" />
                <line number="19" hits="6" branch="False" />
              </lines>
            </method>
          </methods>
          <lines>
            <line number="6" hits="7" branch="False" />
            <line number="7" hits="7" branch="True" condition-coverage="100% (2/2)">
              <conditions>
                <condition number="14" type="jump" coverage="100%" />
              </conditions>
            </line>
            <line number="8" hits="1" branch="False" />
            <line number="10" hits="6" branch="False" />
            <line number="12" hits="6" branch="True" condition-coverage="100% (2/2)">
              <conditions>
                <condition number="56" type="jump" coverage="100%" />
              </conditions>
            </line>
            <line number="13" hits="1" branch="False" />
            <line number="15" hits="6" branch="True" condition-coverage="100% (2/2)">
              <conditions>
                <condition number="70" type="jump" coverage="100%" />
              </conditions>
            </line>
            <line number="16" hits="1" branch="False" />
            <line number="18" hits="6" branch="False" />
            <line number="19" hits="6" branch="False" />
          </lines>
        </class>
      </classes>
    </package>
  </packages>
</coverage>